[2025-04-28T05:26:49.732Z] MongoPoolClearedError: Connection pool for ac-f3fqyzy-shard-00-01.y3a3lqt.mongodb.net:27017 was cleared because another operation failed with: "connection <monitor> to 159.41.65.136:27017 closed"
    at C:\Users\Alyarmouk\Desktop\the-platform-beta\node_modules\mongodb\lib\cmap\connection_pool.js:357:77
    at process.processTicksAndRejections (node:internal/process/task_queues:95:5)
[2025-04-28T05:26:50.832Z] MongoNetworkError: AggregateError has an empty errors array. Please check the `cause` property for more information.
    at TLSSocket.<anonymous> (C:\Users\Alyarmouk\Desktop\the-platform-beta\node_modules\mongodb\lib\cmap\connect.js:285:44)
    at Object.onceWrapper (node:events:628:26)
    at TLSSocket.emit (node:events:513:28)
    at emitErrorNT (node:internal/streams/destroy:151:8)
    at emitErrorCloseNT (node:internal/streams/destroy:116:3)
    at process.processTicksAndRejections (node:internal/process/task_queues:82:21)
[2025-04-28T05:26:58.252Z] MongoNetworkError: AggregateError has an empty errors array. Please check the `cause` property for more information.
    at TLSSocket.<anonymous> (C:\Users\Alyarmouk\Desktop\the-platform-beta\node_modules\mongodb\lib\cmap\connect.js:285:44)
    at Object.onceWrapper (node:events:628:26)
    at TLSSocket.emit (node:events:513:28)
    at emitErrorNT (node:internal/streams/destroy:151:8)
    at emitErrorCloseNT (node:internal/streams/destroy:116:3)
    at process.processTicksAndRejections (node:internal/process/task_queues:82:21)
[2025-04-28T05:26:59.970Z] MongoNetworkError: AggregateError has an empty errors array. Please check the `cause` property for more information.
    at TLSSocket.<anonymous> (C:\Users\Alyarmouk\Desktop\the-platform-beta\node_modules\mongodb\lib\cmap\connect.js:285:44)
    at Object.onceWrapper (node:events:628:26)
    at TLSSocket.emit (node:events:513:28)
    at emitErrorNT (node:internal/streams/destroy:151:8)
    at emitErrorCloseNT (node:internal/streams/destroy:116:3)
    at process.processTicksAndRejections (node:internal/process/task_queues:82:21)
[2025-04-28T05:27:00.734Z] MongoPoolClearedError: Connection pool for ac-f3fqyzy-shard-00-01.y3a3lqt.mongodb.net:27017 was cleared because another operation failed with: "connection <monitor> to 159.41.65.136:27017 closed"
    at C:\Users\Alyarmouk\Desktop\the-platform-beta\node_modules\mongodb\lib\cmap\connection_pool.js:357:77
    at process.processTicksAndRejections (node:internal/process/task_queues:95:5)
[2025-04-28T05:27:44.076Z] MongoServerSelectionError: AggregateError has an empty errors array. Please check the `cause` property for more information.
    at Topology.selectServer (C:\Users\Alyarmouk\Desktop\the-platform-beta\node_modules\mongodb\lib\sdam\topology.js:321:38)
    at async tryOperation (C:\Users\Alyarmouk\Desktop\the-platform-beta\node_modules\mongodb\lib\operations\execute_operation.js:145:18)
    at async executeOperation (C:\Users\Alyarmouk\Desktop\the-platform-beta\node_modules\mongodb\lib\operations\execute_operation.js:75:16)
    at async FindCursor._initialize (C:\Users\Alyarmouk\Desktop\the-platform-beta\node_modules\mongodb\lib\cursor\find_cursor.js:61:26)
    at async FindCursor.cursorInit (C:\Users\Alyarmouk\Desktop\the-platform-beta\node_modules\mongodb\lib\cursor\abstract_cursor.js:633:27)
    at async FindCursor.fetchBatch (C:\Users\Alyarmouk\Desktop\the-platform-beta\node_modules\mongodb\lib\cursor\abstract_cursor.js:667:13)
    at async FindCursor.next (C:\Users\Alyarmouk\Desktop\the-platform-beta\node_modules\mongodb\lib\cursor\abstract_cursor.js:347:17)
    at async [Symbol.asyncIterator] (C:\Users\Alyarmouk\Desktop\the-platform-beta\node_modules\mongodb\lib\cursor\abstract_cursor.js:255:34)
    at async FindCursor.toArray (C:\Users\Alyarmouk\Desktop\the-platform-beta\node_modules\mongodb\lib\cursor\abstract_cursor.js:427:26)
    at async model.Query._find (C:\Users\Alyarmouk\Desktop\the-platform-beta\node_modules\mongoose\lib\query.js:2381:14)
[2025-04-28T06:15:52.606Z] [MongoDB Connection Error]: The `uri` parameter to `openUri()` must be a string, got "undefined". Make sure the first parameter to `mongoose.connect()` or `mongoose.createConnection()` is a string.
[2025-04-28T06:15:57.596Z] [MongoDB Connection Error]: The `uri` parameter to `openUri()` must be a string, got "undefined". Make sure the first parameter to `mongoose.connect()` or `mongoose.createConnection()` is a string.
[2025-04-28T06:50:00.675Z] [MongoDB Connection Error]: AggregateError has an empty errors array. Please check the `cause` property for more information.
[2025-04-28T06:50:05.673Z] [MongoDB Connection Error]: The `uri` parameter to `openUri()` must be a string, got "undefined". Make sure the first parameter to `mongoose.connect()` or `mongoose.createConnection()` is a string.
[2025-04-28T06:51:25.968Z] [MongoDB Connection Error]: The `uri` parameter to `openUri()` must be a string, got "undefined". Make sure the first parameter to `mongoose.connect()` or `mongoose.createConnection()` is a string.
[2025-04-28T06:52:04.031Z] [MongoDB Connection Error]: AggregateError has an empty errors array. Please check the `cause` property for more information.
[2025-04-28T06:52:09.037Z] [MongoDB Connection Error]: The `uri` parameter to `openUri()` must be a string, got "undefined". Make sure the first parameter to `mongoose.connect()` or `mongoose.createConnection()` is a string.
[2025-04-28T06:57:39.474Z] [MongoDB Connection Error]: The `uri` parameter to `openUri()` must be a string, got "undefined". Make sure the first parameter to `mongoose.connect()` or `mongoose.createConnection()` is a string.
[2025-04-28T06:57:44.478Z] [MongoDB Connection Error]: The `uri` parameter to `openUri()` must be a string, got "undefined". Make sure the first parameter to `mongoose.connect()` or `mongoose.createConnection()` is a string.
[2025-04-28T08:06:25.420Z] [MongoDB Connection Error]: AggregateError has an empty errors array. Please check the `cause` property for more information.
[2025-04-28T08:06:38.714Z] [MongoDB Connection Error]: AggregateError has an empty errors array. Please check the `cause` property for more information.
[2025-04-28T08:06:56.863Z] [MongoDB Connection Error]: AggregateError has an empty errors array. Please check the `cause` property for more information.
[2025-04-28T08:44:24.213Z] [MongoDB Connection Error]: AggregateError has an empty errors array. Please check the `cause` property for more information.
[2025-05-01T06:04:32.842Z] [MongoDB Connection Error]: AggregateError has an empty errors array. Please check the `cause` property for more information.
[2025-05-01T07:02:34.111Z] [MongoDB Connection Error]: AggregateError has an empty errors array. Please check the `cause` property for more information.
[2025-05-01T07:02:41.370Z] [MongoDB Connection Error]: AggregateError has an empty errors array. Please check the `cause` property for more information.
[2025-05-01T08:14:20.765Z] [MongoDB Connection Error]: AggregateError has an empty errors array. Please check the `cause` property for more information.
[2025-05-01T08:15:15.929Z] [MongoDB Connection Error]: AggregateError has an empty errors array. Please check the `cause` property for more information.
[2025-05-01T08:29:58.577Z] [MongoDB Connection Error]: AggregateError has an empty errors array. Please check the `cause` property for more information.
[2025-05-10T10:39:53.370Z] [MongoDB Connection Error]: AggregateError has an empty errors array. Please check the `cause` property for more information.
